TN:
SF:src/index.ts
FN:6,main
FN:13,(anonymous_1)
FN:14,(anonymous_2)
FNF:3
FNH:0
FNDA:0,main
FNDA:0,(anonymous_1)
FNDA:0,(anonymous_2)
DA:7,0
DA:8,0
DA:9,0
DA:12,0
DA:13,0
DA:15,0
DA:16,0
LF:7
LH:0
BRF:0
BRH:0
end_of_record
TN:
SF:src/data/connect-to-cosmos.ts
FN:11,(anonymous_0)
FN:18,(anonymous_1)
FN:36,(anonymous_2)
FNF:3
FNH:0
FNDA:0,(anonymous_0)
FNDA:0,(anonymous_1)
FNDA:0,(anonymous_2)
DA:12,0
DA:13,0
DA:14,0
DA:15,0
DA:19,0
DA:20,0
DA:21,0
DA:24,0
DA:29,0
DA:33,0
DA:37,0
LF:11
LH:0
BRF:0
BRH:0
end_of_record
TN:
SF:src/data/fake-data.ts
FN:5,createFixture
FN:13,createTestInput
FN:18,createTestInputAndResult
FNF:3
FNH:3
FNDA:1,createFixture
FNDA:1,createTestInput
FNDA:1,createTestInputAndResult
DA:6,1
DA:10,1
DA:14,1
DA:15,1
DA:22,1
DA:23,1
DA:27,1
LF:7
LH:7
BRF:0
BRH:0
end_of_record
TN:
SF:src/data/model.ts
FN:19,isDbError
FN:22,isVerificationErrors
FN:25,validateRawInput
FNF:3
FNH:1
FNDA:0,isDbError
FNDA:1,isVerificationErrors
FNDA:0,validateRawInput
DA:20,0
DA:23,1
DA:26,0
DA:29,0
DA:30,0
DA:34,0
DA:35,0
DA:38,0
LF:8
LH:1
BRDA:20,0,0,0
BRDA:20,0,1,0
BRDA:29,1,0,0
BRDA:29,1,1,0
BRDA:29,2,0,0
BRDA:29,2,1,0
BRDA:34,3,0,0
BRDA:34,3,1,0
BRDA:34,4,0,0
BRDA:34,4,1,0
BRF:10
BRH:0
end_of_record
TN:
SF:src/data/verify.ts
FN:5,(anonymous_0)
FNF:1
FNH:0
FNDA:0,(anonymous_0)
DA:6,0
DA:7,0
LF:2
LH:0
BRF:0
BRH:0
end_of_record
TN:
SF:src/lib/insert.ts
FN:11,insertDocument
FNF:1
FNH:1
FNDA:2,insertDocument
DA:15,2
DA:17,2
DA:18,1
DA:21,1
DA:22,1
DA:27,1
DA:29,0
DA:30,0
DA:31,0
DA:36,0
DA:38,0
LF:11
LH:6
BRDA:17,0,0,1
BRDA:17,0,1,1
BRDA:29,1,0,0
BRDA:29,1,1,0
BRDA:30,2,0,0
BRDA:30,2,1,0
BRF:6
BRH:2
end_of_record
